Build started 2016-03-03 6:43:33 PM.
     1>Project "C:\Users\Narane\Documents\GitHub\SuperSCAIANN\SuperSCAIANN\SuperSCAIANN.vcxproj" on node 2 (Rebuild target(s)).
     1>ClCompile:
         C:\Program Files (x86)\Microsoft Visual Studio 12.0\VC\bin\CL.exe /c /I../include /Zi /nologo /W3 /WX- /sdl /O2 /Oi /Oy- /GL /D _MBCS /Gm- /EHsc /MD /GS /Gy /fp:precise /Zc:wchar_t /Zc:forScope /Fo"Release\\" /Fd"Release\vc120.pdb" /Gd /TP /analyze- /errorReport:prompt ..\Source\Dll.cpp ..\Source\ExampleAIModule.cpp
         Dll.cpp
         ExampleAIModule.cpp
       Link:
         C:\Program Files (x86)\Microsoft Visual Studio 12.0\VC\bin\link.exe /ERRORREPORT:PROMPT /OUT:"C:\Users\Narane\Documents\GitHub\SuperSCAIANN\Release\SuperSCAIANN.exe" /NOLOGO kernel32.lib user32.lib gdi32.lib winspool.lib comdlg32.lib advapi32.lib shell32.lib ole32.lib oleaut32.lib uuid.lib odbc32.lib odbccp32.lib /MANIFEST /MANIFESTUAC:"level='asInvoker' uiAccess='false'" /manifest:embed /DEBUG /PDB:"C:\Users\Narane\Documents\GitHub\SuperSCAIANN\Release\SuperSCAIANN.pdb" /SUBSYSTEM:WINDOWS /OPT:REF /OPT:ICF /LTCG /TLBID:1 /DYNAMICBASE /NXCOMPAT /IMPLIB:"C:\Users\Narane\Documents\GitHub\SuperSCAIANN\Release\SuperSCAIANN.lib" /MACHINE:X86 /SAFESEH Release\Dll.obj
         Release\ExampleAIModule.obj
            Creating library C:\Users\Narane\Documents\GitHub\SuperSCAIANN\Release\SuperSCAIANN.lib and object C:\Users\Narane\Documents\GitHub\SuperSCAIANN\Release\SuperSCAIANN.exp
     1>Dll.obj : error LNK2001: unresolved external symbol "public: virtual __thiscall BWAPI::AIModule::~AIModule(void)" (??1AIModule@BWAPI@@UAE@XZ)
     1>Dll.obj : error LNK2001: unresolved external symbol "public: __thiscall BWAPI::AIModule::AIModule(void)" (??0AIModule@BWAPI@@QAE@XZ)
     1>Dll.obj : error LNK2001: unresolved external symbol "class BWAPI::Game * BWAPI::BroodwarPtr" (?BroodwarPtr@BWAPI@@3PAVGame@1@A)
     1>ExampleAIModule.obj : error LNK2001: unresolved external symbol "public: class BWAPI::UnitType __thiscall BWAPI::Race::getSupplyProvider(void)const " (?getSupplyProvider@Race@BWAPI@@QBE?AVUnitType@2@XZ)
     1>ExampleAIModule.obj : error LNK2001: unresolved external symbol "public: class BWAPI::UnitType __thiscall BWAPI::Race::getWorker(void)const " (?getWorker@Race@BWAPI@@QBE?AVUnitType@2@XZ)
     1>ExampleAIModule.obj : error LNK2001: unresolved external symbol "class BWAPI::Error const BWAPI::Errors::Insufficient_Supply" (?Insufficient_Supply@Errors@BWAPI@@3VError@2@B)
     1>ExampleAIModule.obj : error LNK2001: unresolved external symbol "public: bool __thiscall BWAPI::Point<int,1>::isValid(void)const " (?isValid@?$Point@H$00@BWAPI@@QBE_NXZ)
     1>ExampleAIModule.obj : error LNK2001: unresolved external symbol "public: bool __thiscall BWAPI::Point<int,32>::isValid(void)const " (?isValid@?$Point@H$0CA@@BWAPI@@QBE_NXZ)
     1>ExampleAIModule.obj : error LNK2001: unresolved external symbol "class BWAPI::UnaryFilter<class BWAPI::UnitInterface *,bool (__cdecl*)(class BWAPI::UnitInterface *)> const BWAPI::Filter::IsIdle" (?IsIdle@Filter@BWAPI@@3V?$UnaryFilter@PAVUnitInterface@BWAPI@@P6A_NPAV12@@Z@2@B)
     1>ExampleAIModule.obj : error LNK2001: unresolved external symbol "class BWAPI::UnaryFilter<class BWAPI::UnitInterface *,bool (__cdecl*)(class BWAPI::UnitInterface *)> const BWAPI::Filter::IsOwned" (?IsOwned@Filter@BWAPI@@3V?$UnaryFilter@PAVUnitInterface@BWAPI@@P6A_NPAV12@@Z@2@B)
     1>ExampleAIModule.obj : error LNK2001: unresolved external symbol "class BWAPI::UnaryFilter<class BWAPI::UnitInterface *,bool (__cdecl*)(class BWAPI::UnitInterface *)> const BWAPI::Filter::IsRefinery" (?IsRefinery@Filter@BWAPI@@3V?$UnaryFilter@PAVUnitInterface@BWAPI@@P6A_NPAV12@@Z@2@B)
     1>ExampleAIModule.obj : error LNK2001: unresolved external symbol "class BWAPI::CompareFilter<class BWAPI::UnitInterface *,class BWAPI::UnitType,class BWAPI::UnitType (__cdecl*)(class BWAPI::UnitInterface *)> const BWAPI::Filter::GetType" (?GetType@Filter@BWAPI@@3V?$CompareFilter@PAVUnitInterface@BWAPI@@VUnitType@2@P6A?AV32@PAV12@@Z@2@B)
     1>ExampleAIModule.obj : error LNK2001: unresolved external symbol "class BWAPI::UnaryFilter<class BWAPI::UnitInterface *,bool (__cdecl*)(class BWAPI::UnitInterface *)> const BWAPI::Filter::IsGatheringMinerals" (?IsGatheringMinerals@Filter@BWAPI@@3V?$UnaryFilter@PAVUnitInterface@BWAPI@@P6A_NPAV12@@Z@2@B)
     1>ExampleAIModule.obj : error LNK2001: unresolved external symbol "class BWAPI::UnaryFilter<class BWAPI::UnitInterface *,bool (__cdecl*)(class BWAPI::UnitInterface *)> const BWAPI::Filter::IsMineralField" (?IsMineralField@Filter@BWAPI@@3V?$UnaryFilter@PAVUnitInterface@BWAPI@@P6A_NPAV12@@Z@2@B)
     1>ExampleAIModule.obj : error LNK2001: unresolved external symbol "public: bool __thiscall BWAPI::UnitType::isBuilding(void)const " (?isBuilding@UnitType@BWAPI@@QBE_NXZ)
     1>ExampleAIModule.obj : error LNK2001: unresolved external symbol "public: bool __thiscall BWAPI::UnitType::isWorker(void)const " (?isWorker@UnitType@BWAPI@@QBE_NXZ)
     1>ExampleAIModule.obj : error LNK2001: unresolved external symbol "public: bool __thiscall BWAPI::UnitType::isResourceDepot(void)const " (?isResourceDepot@UnitType@BWAPI@@QBE_NXZ)
     1>ExampleAIModule.obj : error LNK2001: unresolved external symbol "public: class BWAPI::Point<int,32> __thiscall BWAPI::UnitType::tileSize(void)const " (?tileSize@UnitType@BWAPI@@QBE?AV?$Point@H$0CA@@2@XZ)
     1>ExampleAIModule.obj : error LNK2001: unresolved external symbol "public: int __thiscall BWAPI::UnitType::buildTime(void)const " (?buildTime@UnitType@BWAPI@@QBEHXZ)
     1>ExampleAIModule.obj : error LNK2001: unresolved external symbol "public: struct std::pair<class BWAPI::UnitType,int> const __thiscall BWAPI::UnitType::whatBuilds(void)const " (?whatBuilds@UnitType@BWAPI@@QBE?BU?$pair@VUnitType@BWAPI@@H@std@@XZ)
     1>ExampleAIModule.obj : error LNK2001: unresolved external symbol "public: class BWAPI::Race __thiscall BWAPI::UnitType::getRace(void)const " (?getRace@UnitType@BWAPI@@QBE?AVRace@2@XZ)
     1>ExampleAIModule.obj : error LNK2001: unresolved external symbol "protected: static class std::basic_string<char,struct std::char_traits<char>,class std::allocator<char> > const * const BWAPI::Type<class BWAPI::Error,27>::typeNames" (?typeNames@?$Type@VError@BWAPI@@$0BL@@BWAPI@@1QBV?$basic_string@DU?$char_traits@D@std@@V?$allocator@D@2@@std@@B)
     1>ExampleAIModule.obj : error LNK2001: unresolved external symbol "public: int __thiscall BWAPI::PlayerInterface::incompleteUnitCount(class BWAPI::UnitType)const " (?incompleteUnitCount@PlayerInterface@BWAPI@@QBEHVUnitType@2@@Z)
     1>ExampleAIModule.obj : error LNK2001: unresolved external symbol "public: class BWAPI::GameWrapper & __thiscall BWAPI::GameWrapper::operator<<(class std::basic_ostream<char,struct std::char_traits<char> > & (__cdecl*)(class std::basic_ostream<char,struct std::char_traits<char> > &))" (??6GameWrapper@BWAPI@@QAEAAV01@P6AAAV?$basic_ostream@DU?$char_traits@D@std@@@std@@AAV23@@Z@Z)
     1>ExampleAIModule.obj : error LNK2001: unresolved external symbol "public: class BWAPI::Game * __thiscall BWAPI::GameWrapper::operator->(void)const " (??CGameWrapper@BWAPI@@QBEPAVGame@1@XZ)
     1>ExampleAIModule.obj : error LNK2001: unresolved external symbol "protected: static class std::basic_string<char,struct std::char_traits<char>,class std::allocator<char> > const * const BWAPI::Type<class BWAPI::UnitType,233>::typeNames" (?typeNames@?$Type@VUnitType@BWAPI@@$0OJ@@BWAPI@@1QBV?$basic_string@DU?$char_traits@D@std@@V?$allocator@D@2@@std@@B)
     1>ExampleAIModule.obj : error LNK2001: unresolved external symbol "class BWAPI::Color const BWAPI::Colors::Blue" (?Blue@Colors@BWAPI@@3VColor@2@B)
     1>ExampleAIModule.obj : error LNK2001: unresolved external symbol "class BWAPI::GameWrapper BWAPI::Broodwar" (?Broodwar@BWAPI@@3VGameWrapper@1@A)
     1>ExampleAIModule.obj : error LNK2001: unresolved external symbol "public: class BWAPI::Point<int,32> __thiscall BWAPI::Game::getBuildLocation(class BWAPI::UnitType,class BWAPI::Point<int,32>,int,bool)const " (?getBuildLocation@Game@BWAPI@@QBE?AV?$Point@H$0CA@@2@VUnitType@2@V32@H_N@Z)
     1>ExampleAIModule.obj : error LNK2001: unresolved external symbol "public: void __thiscall BWAPI::Game::drawBoxMap(class BWAPI::Point<int,1>,class BWAPI::Point<int,1>,class BWAPI::Color,bool)" (?drawBoxMap@Game@BWAPI@@QAEXV?$Point@H$00@2@0VColor@2@_N@Z)
     1>ExampleAIModule.obj : error LNK2001: unresolved external symbol "public: void __cdecl BWAPI::Game::drawTextScreen(int,int,char const *,...)" (?drawTextScreen@Game@BWAPI@@QAAXHHPBDZZ)
     1>ExampleAIModule.obj : error LNK2001: unresolved external symbol "public: void __cdecl BWAPI::Game::drawTextMap(class BWAPI::Point<int,1>,char const *,...)" (?drawTextMap@Game@BWAPI@@QAAXV?$Point@H$00@2@PBDZZ)
     1>ExampleAIModule.obj : error LNK2001: unresolved external symbol "public: void __cdecl BWAPI::Game::sendText(char const *,...)" (?sendText@Game@BWAPI@@QAAXPBDZZ)
     1>ExampleAIModule.obj : error LNK2001: unresolved external symbol "protected: static class std::basic_string<char,struct std::char_traits<char>,class std::allocator<char> > const * const BWAPI::Type<class BWAPI::Race,8>::typeNames" (?typeNames@?$Type@VRace@BWAPI@@$07@BWAPI@@1QBV?$basic_string@DU?$char_traits@D@std@@V?$allocator@D@2@@std@@B)
     1>ExampleAIModule.obj : error LNK2001: unresolved external symbol "public: bool __thiscall BWAPI::UnitInterface::returnCargo(bool)" (?returnCargo@UnitInterface@BWAPI@@QAE_N_N@Z)
     1>ExampleAIModule.obj : error LNK2001: unresolved external symbol "public: bool __thiscall BWAPI::UnitInterface::gather(class BWAPI::UnitInterface *,bool)" (?gather@UnitInterface@BWAPI@@QAE_NPAV12@_N@Z)
     1>ExampleAIModule.obj : error LNK2001: unresolved external symbol "public: bool __thiscall BWAPI::UnitInterface::train(class BWAPI::UnitType)" (?train@UnitInterface@BWAPI@@QAE_NVUnitType@2@@Z)
     1>ExampleAIModule.obj : error LNK2001: unresolved external symbol "public: bool __thiscall BWAPI::UnitInterface::build(class BWAPI::UnitType,class BWAPI::Point<int,32>)" (?build@UnitInterface@BWAPI@@QAE_NVUnitType@2@V?$Point@H$0CA@@2@@Z)
     1>ExampleAIModule.obj : error LNK2001: unresolved external symbol "public: bool __thiscall BWAPI::UnitInterface::isStasised(void)const " (?isStasised@UnitInterface@BWAPI@@QBE_NXZ)
     1>ExampleAIModule.obj : error LNK2001: unresolved external symbol "public: bool __thiscall BWAPI::UnitInterface::isMaelstrommed(void)const " (?isMaelstrommed@UnitInterface@BWAPI@@QBE_NXZ)
     1>ExampleAIModule.obj : error LNK2001: unresolved external symbol "public: bool __thiscall BWAPI::UnitInterface::isLockedDown(void)const " (?isLockedDown@UnitInterface@BWAPI@@QBE_NXZ)
     1>ExampleAIModule.obj : error LNK2001: unresolved external symbol "public: bool __thiscall BWAPI::UnitInterface::isLoaded(void)const " (?isLoaded@UnitInterface@BWAPI@@QBE_NXZ)
     1>ExampleAIModule.obj : error LNK2001: unresolved external symbol "public: class BWAPI::UnitInterface * __thiscall BWAPI::UnitInterface::getClosestUnit(class BWAPI::UnaryFilter<class BWAPI::UnitInterface *,class std::function<bool __cdecl(class BWAPI::UnitInterface *)> > const &,int)const " (?getClosestUnit@UnitInterface@BWAPI@@QBEPAV12@ABV?$UnaryFilter@PAVUnitInterface@BWAPI@@V?$function@$$A6A_NPAVUnitInterface@BWAPI@@@Z@std@@@2@H@Z)
     1>ExampleAIModule.obj : error LNK2001: unresolved external symbol "public: class BWAPI::Point<int,32> __thiscall BWAPI::UnitInterface::getTilePosition(void)const " (?getTilePosition@UnitInterface@BWAPI@@QBE?AV?$Point@H$0CA@@2@XZ)
     1>MSVCRT.lib(crtexew.obj) : error LNK2001: unresolved external symbol _WinMain@16
     1>C:\Users\Narane\Documents\GitHub\SuperSCAIANN\Release\SuperSCAIANN.exe : fatal error LNK1120: 45 unresolved externals
     1>Done Building Project "C:\Users\Narane\Documents\GitHub\SuperSCAIANN\SuperSCAIANN\SuperSCAIANN.vcxproj" (Rebuild target(s)) -- FAILED.

Build FAILED.

Time Elapsed 00:00:01.46
